Analysis & Synthesis report for Processor_16_Inst
Tue Mar 19 18:38:17 2024
Quartus II 64-Bit Version 13.0.1 Build 232 06/12/2013 Service Pack 1 SJ Web Edition


---------------------
; Table of Contents ;
---------------------
  1. Legal Notice
  2. Analysis & Synthesis Summary
  3. Analysis & Synthesis Settings
  4. Parallel Compilation
  5. Analysis & Synthesis Source Files Read
  6. Analysis & Synthesis Resource Usage Summary
  7. Analysis & Synthesis Resource Utilization by Entity
  8. General Register Statistics
  9. Multiplexer Restructuring Statistics (Restructuring Performed)
 10. Port Connectivity Checks: "Left_Shifter:ls|Mux16x1_1bit:\inst:15:m"
 11. Port Connectivity Checks: "Left_Shifter:ls|Mux16x1_1bit:\inst:14:m"
 12. Port Connectivity Checks: "Left_Shifter:ls|Mux16x1_1bit:\inst:13:m"
 13. Port Connectivity Checks: "Left_Shifter:ls|Mux16x1_1bit:\inst:12:m"
 14. Port Connectivity Checks: "Left_Shifter:ls|Mux16x1_1bit:\inst:11:m"
 15. Port Connectivity Checks: "Left_Shifter:ls|Mux16x1_1bit:\inst:10:m"
 16. Port Connectivity Checks: "Left_Shifter:ls|Mux16x1_1bit:\inst:9:m"
 17. Port Connectivity Checks: "Left_Shifter:ls|Mux16x1_1bit:\inst:8:m"
 18. Port Connectivity Checks: "Left_Shifter:ls|Mux16x1_1bit:\inst:7:m"
 19. Port Connectivity Checks: "Left_Shifter:ls|Mux16x1_1bit:\inst:6:m"
 20. Port Connectivity Checks: "Left_Shifter:ls|Mux16x1_1bit:\inst:5:m"
 21. Port Connectivity Checks: "Left_Shifter:ls|Mux16x1_1bit:\inst:4:m"
 22. Port Connectivity Checks: "Left_Shifter:ls|Mux16x1_1bit:\inst:3:m"
 23. Port Connectivity Checks: "Left_Shifter:ls|Mux16x1_1bit:\inst:2:m"
 24. Port Connectivity Checks: "Left_Shifter:ls|Mux16x1_1bit:\inst:1:m"
 25. Port Connectivity Checks: "Right_Shifter:rs|Mux16x1_1bit:\inst:15:m"
 26. Port Connectivity Checks: "Right_Shifter:rs|Mux16x1_1bit:\inst:14:m"
 27. Port Connectivity Checks: "Right_Shifter:rs|Mux16x1_1bit:\inst:13:m"
 28. Port Connectivity Checks: "Right_Shifter:rs|Mux16x1_1bit:\inst:12:m"
 29. Port Connectivity Checks: "Right_Shifter:rs|Mux16x1_1bit:\inst:11:m"
 30. Port Connectivity Checks: "Right_Shifter:rs|Mux16x1_1bit:\inst:10:m"
 31. Port Connectivity Checks: "Right_Shifter:rs|Mux16x1_1bit:\inst:9:m"
 32. Port Connectivity Checks: "Right_Shifter:rs|Mux16x1_1bit:\inst:8:m"
 33. Port Connectivity Checks: "Right_Shifter:rs|Mux16x1_1bit:\inst:7:m"
 34. Port Connectivity Checks: "Right_Shifter:rs|Mux16x1_1bit:\inst:6:m"
 35. Port Connectivity Checks: "Right_Shifter:rs|Mux16x1_1bit:\inst:5:m"
 36. Port Connectivity Checks: "Right_Shifter:rs|Mux16x1_1bit:\inst:4:m"
 37. Port Connectivity Checks: "Right_Shifter:rs|Mux16x1_1bit:\inst:3:m"
 38. Port Connectivity Checks: "Right_Shifter:rs|Mux16x1_1bit:\inst:2:m"
 39. Port Connectivity Checks: "Right_Shifter:rs|Mux16x1_1bit:\inst:1:m"
 40. Port Connectivity Checks: "Adder_16bit:add"
 41. Elapsed Time Per Partition
 42. Analysis & Synthesis Messages



----------------
; Legal Notice ;
----------------
Copyright (C) 1991-2013 Altera Corporation
Your use of Altera Corporation's design tools, logic functions 
and other software and tools, and its AMPP partner logic 
functions, and any output files from any of the foregoing 
(including device programming or simulation files), and any 
associated documentation or information are expressly subject 
to the terms and conditions of the Altera Program License 
Subscription Agreement, Altera MegaCore Function License 
Agreement, or other applicable license agreement, including, 
without limitation, that your use is for the sole purpose of 
programming logic devices manufactured by Altera and sold by 
Altera or its authorized distributors.  Please refer to the 
applicable agreement for further details.



+--------------------------------------------------------------------------------------+
; Analysis & Synthesis Summary                                                         ;
+------------------------------------+-------------------------------------------------+
; Analysis & Synthesis Status        ; Successful - Tue Mar 19 18:38:17 2024           ;
; Quartus II 64-Bit Version          ; 13.0.1 Build 232 06/12/2013 SP 1 SJ Web Edition ;
; Revision Name                      ; Processor_16_Inst                               ;
; Top-level Entity Name              ; ALU                                             ;
; Family                             ; Cyclone II                                      ;
; Total logic elements               ; 300                                             ;
;     Total combinational functions  ; 300                                             ;
;     Dedicated logic registers      ; 0                                               ;
; Total registers                    ; 0                                               ;
; Total pins                         ; 52                                              ;
; Total virtual pins                 ; 0                                               ;
; Total memory bits                  ; 0                                               ;
; Embedded Multiplier 9-bit elements ; 0                                               ;
; Total PLLs                         ; 0                                               ;
+------------------------------------+-------------------------------------------------+


+----------------------------------------------------------------------------------------------------------------------+
; Analysis & Synthesis Settings                                                                                        ;
+----------------------------------------------------------------------------+--------------------+--------------------+
; Option                                                                     ; Setting            ; Default Value      ;
+----------------------------------------------------------------------------+--------------------+--------------------+
; Device                                                                     ; EP2C35F672C6       ;                    ;
; Top-level entity name                                                      ; ALU                ; Processor_16_Inst  ;
; Family name                                                                ; Cyclone II         ; Cyclone IV GX      ;
; Use smart compilation                                                      ; Off                ; Off                ;
; Enable parallel Assembler and TimeQuest Timing Analyzer during compilation ; On                 ; On                 ;
; Enable compact report table                                                ; Off                ; Off                ;
; Restructure Multiplexers                                                   ; Auto               ; Auto               ;
; Create Debugging Nodes for IP Cores                                        ; Off                ; Off                ;
; Preserve fewer node names                                                  ; On                 ; On                 ;
; Disable OpenCore Plus hardware evaluation                                  ; Off                ; Off                ;
; Verilog Version                                                            ; Verilog_2001       ; Verilog_2001       ;
; VHDL Version                                                               ; VHDL_1993          ; VHDL_1993          ;
; State Machine Processing                                                   ; Auto               ; Auto               ;
; Safe State Machine                                                         ; Off                ; Off                ;
; Extract Verilog State Machines                                             ; On                 ; On                 ;
; Extract VHDL State Machines                                                ; On                 ; On                 ;
; Ignore Verilog initial constructs                                          ; Off                ; Off                ;
; Iteration limit for constant Verilog loops                                 ; 5000               ; 5000               ;
; Iteration limit for non-constant Verilog loops                             ; 250                ; 250                ;
; Add Pass-Through Logic to Inferred RAMs                                    ; On                 ; On                 ;
; Infer RAMs from Raw Logic                                                  ; On                 ; On                 ;
; Parallel Synthesis                                                         ; On                 ; On                 ;
; DSP Block Balancing                                                        ; Auto               ; Auto               ;
; NOT Gate Push-Back                                                         ; On                 ; On                 ;
; Power-Up Don't Care                                                        ; On                 ; On                 ;
; Remove Redundant Logic Cells                                               ; Off                ; Off                ;
; Remove Duplicate Registers                                                 ; On                 ; On                 ;
; Ignore CARRY Buffers                                                       ; Off                ; Off                ;
; Ignore CASCADE Buffers                                                     ; Off                ; Off                ;
; Ignore GLOBAL Buffers                                                      ; Off                ; Off                ;
; Ignore ROW GLOBAL Buffers                                                  ; Off                ; Off                ;
; Ignore LCELL Buffers                                                       ; Off                ; Off                ;
; Ignore SOFT Buffers                                                        ; On                 ; On                 ;
; Limit AHDL Integers to 32 Bits                                             ; Off                ; Off                ;
; Optimization Technique                                                     ; Balanced           ; Balanced           ;
; Carry Chain Length                                                         ; 70                 ; 70                 ;
; Auto Carry Chains                                                          ; On                 ; On                 ;
; Auto Open-Drain Pins                                                       ; On                 ; On                 ;
; Perform WYSIWYG Primitive Resynthesis                                      ; Off                ; Off                ;
; Auto ROM Replacement                                                       ; On                 ; On                 ;
; Auto RAM Replacement                                                       ; On                 ; On                 ;
; Auto Shift Register Replacement                                            ; Auto               ; Auto               ;
; Allow Shift Register Merging across Hierarchies                            ; Auto               ; Auto               ;
; Auto Clock Enable Replacement                                              ; On                 ; On                 ;
; Strict RAM Replacement                                                     ; Off                ; Off                ;
; Allow Synchronous Control Signals                                          ; On                 ; On                 ;
; Force Use of Synchronous Clear Signals                                     ; Off                ; Off                ;
; Auto RAM to Logic Cell Conversion                                          ; Off                ; Off                ;
; Auto Resource Sharing                                                      ; Off                ; Off                ;
; Allow Any RAM Size For Recognition                                         ; Off                ; Off                ;
; Allow Any ROM Size For Recognition                                         ; Off                ; Off                ;
; Allow Any Shift Register Size For Recognition                              ; Off                ; Off                ;
; Use LogicLock Constraints during Resource Balancing                        ; On                 ; On                 ;
; Ignore translate_off and synthesis_off directives                          ; Off                ; Off                ;
; Timing-Driven Synthesis                                                    ; Off                ; Off                ;
; Report Parameter Settings                                                  ; On                 ; On                 ;
; Report Source Assignments                                                  ; On                 ; On                 ;
; Report Connectivity Checks                                                 ; On                 ; On                 ;
; Ignore Maximum Fan-Out Assignments                                         ; Off                ; Off                ;
; Synchronization Register Chain Length                                      ; 2                  ; 2                  ;
; PowerPlay Power Optimization                                               ; Normal compilation ; Normal compilation ;
; HDL message level                                                          ; Level2             ; Level2             ;
; Suppress Register Optimization Related Messages                            ; Off                ; Off                ;
; Number of Removed Registers Reported in Synthesis Report                   ; 5000               ; 5000               ;
; Number of Swept Nodes Reported in Synthesis Report                         ; 5000               ; 5000               ;
; Number of Inverted Registers Reported in Synthesis Report                  ; 100                ; 100                ;
; Clock MUX Protection                                                       ; On                 ; On                 ;
; Auto Gated Clock Conversion                                                ; Off                ; Off                ;
; Block Design Naming                                                        ; Auto               ; Auto               ;
; SDC constraint protection                                                  ; Off                ; Off                ;
; Synthesis Effort                                                           ; Auto               ; Auto               ;
; Shift Register Replacement - Allow Asynchronous Clear Signal               ; On                 ; On                 ;
; Pre-Mapping Resynthesis Optimization                                       ; Off                ; Off                ;
; Analysis & Synthesis Message Level                                         ; Medium             ; Medium             ;
; Disable Register Merging Across Hierarchies                                ; Auto               ; Auto               ;
; Resource Aware Inference For Block RAM                                     ; On                 ; On                 ;
; Synthesis Seed                                                             ; 1                  ; 1                  ;
+----------------------------------------------------------------------------+--------------------+--------------------+


Parallel compilation was disabled, but you have multiple processors available. Enable parallel compilation to reduce compilation time.
+-------------------------------------+
; Parallel Compilation                ;
+----------------------------+--------+
; Processors                 ; Number ;
+----------------------------+--------+
; Number detected on machine ; 8      ;
; Maximum allowed            ; 1      ;
+----------------------------+--------+


+---------------------------------------------------------------------------------------------------------------------------------------------------+
; Analysis & Synthesis Source Files Read                                                                                                            ;
+----------------------------------+-----------------+-----------------+------------------------------------------------------------------+---------+
; File Name with User-Entered Path ; Used in Netlist ; File Type       ; File Name with Absolute Path                                     ; Library ;
+----------------------------------+-----------------+-----------------+------------------------------------------------------------------+---------+
; Mux16x1_1bit.vhdl                ; yes             ; User VHDL File  ; C:/Projetos/github/Processador_16_instrucoess/Mux16x1_1bit.vhdl  ;         ;
; Right_Shifter.vhdl               ; yes             ; User VHDL File  ; C:/Projetos/github/Processador_16_instrucoess/Right_Shifter.vhdl ;         ;
; Left_Shifter.vhdl                ; yes             ; User VHDL File  ; C:/Projetos/github/Processador_16_instrucoess/Left_Shifter.vhdl  ;         ;
; cinext.vhdl                      ; yes             ; User VHDL File  ; C:/Projetos/github/Processador_16_instrucoess/cinext.vhdl        ;         ;
; ALU.vhdl                         ; yes             ; User VHDL File  ; C:/Projetos/github/Processador_16_instrucoess/ALU.vhdl           ;         ;
; abext.vhdl                       ; yes             ; User VHDL File  ; C:/Projetos/github/Processador_16_instrucoess/abext.vhdl         ;         ;
; Mux2x1_16bit.vhdl                ; yes             ; User VHDL File  ; C:/Projetos/github/Processador_16_instrucoess/Mux2x1_16bit.vhdl  ;         ;
; Adder_16bit.vhdl                 ; yes             ; User VHDL File  ; C:/Projetos/github/Processador_16_instrucoess/Adder_16bit.vhdl   ;         ;
; Adder_1bit.vhdl                  ; yes             ; User VHDL File  ; C:/Projetos/github/Processador_16_instrucoess/Adder_1bit.vhdl    ;         ;
+----------------------------------+-----------------+-----------------+------------------------------------------------------------------+---------+


+-----------------------------------------------------+
; Analysis & Synthesis Resource Usage Summary         ;
+---------------------------------------------+-------+
; Resource                                    ; Usage ;
+---------------------------------------------+-------+
; Estimated Total logic elements              ; 300   ;
;                                             ;       ;
; Total combinational functions               ; 300   ;
; Logic element usage by number of LUT inputs ;       ;
;     -- 4 input functions                    ; 233   ;
;     -- 3 input functions                    ; 59    ;
;     -- <=2 input functions                  ; 8     ;
;                                             ;       ;
; Logic elements by mode                      ;       ;
;     -- normal mode                          ; 300   ;
;     -- arithmetic mode                      ; 0     ;
;                                             ;       ;
; Total registers                             ; 0     ;
;     -- Dedicated logic registers            ; 0     ;
;     -- I/O registers                        ; 0     ;
;                                             ;       ;
; I/O pins                                    ; 52    ;
; Embedded Multiplier 9-bit elements          ; 0     ;
; Maximum fan-out node                        ; s2    ;
; Maximum fan-out                             ; 47    ;
; Total fan-out                               ; 1142  ;
; Average fan-out                             ; 3.24  ;
+---------------------------------------------+-------+


+-----------------------------------------------------------------------------------------------------------------------------------------------------------------------------------------------------------+
; Analysis & Synthesis Resource Utilization by Entity                                                                                                                                                       ;
+---------------------------------+-------------------+--------------+-------------+--------------+---------+-----------+------+--------------+----------------------------------------------+--------------+
; Compilation Hierarchy Node      ; LC Combinationals ; LC Registers ; Memory Bits ; DSP Elements ; DSP 9x9 ; DSP 18x18 ; Pins ; Virtual Pins ; Full Hierarchy Name                          ; Library Name ;
+---------------------------------+-------------------+--------------+-------------+--------------+---------+-----------+------+--------------+----------------------------------------------+--------------+
; |ALU                            ; 300 (2)           ; 0 (0)        ; 0           ; 0            ; 0       ; 0         ; 52   ; 0            ; |ALU                                         ; work         ;
;    |Adder_16bit:add|            ; 31 (0)            ; 0 (0)        ; 0           ; 0            ; 0       ; 0         ; 0    ; 0            ; |ALU|Adder_16bit:add                         ; work         ;
;       |Adder_1bit:\inst:0:u|    ; 2 (2)             ; 0 (0)        ; 0           ; 0            ; 0       ; 0         ; 0    ; 0            ; |ALU|Adder_16bit:add|Adder_1bit:\inst:0:u    ; work         ;
;       |Adder_1bit:\inst:10:u|   ; 2 (2)             ; 0 (0)        ; 0           ; 0            ; 0       ; 0         ; 0    ; 0            ; |ALU|Adder_16bit:add|Adder_1bit:\inst:10:u   ; work         ;
;       |Adder_1bit:\inst:11:u|   ; 2 (2)             ; 0 (0)        ; 0           ; 0            ; 0       ; 0         ; 0    ; 0            ; |ALU|Adder_16bit:add|Adder_1bit:\inst:11:u   ; work         ;
;       |Adder_1bit:\inst:12:u|   ; 2 (2)             ; 0 (0)        ; 0           ; 0            ; 0       ; 0         ; 0    ; 0            ; |ALU|Adder_16bit:add|Adder_1bit:\inst:12:u   ; work         ;
;       |Adder_1bit:\inst:13:u|   ; 2 (2)             ; 0 (0)        ; 0           ; 0            ; 0       ; 0         ; 0    ; 0            ; |ALU|Adder_16bit:add|Adder_1bit:\inst:13:u   ; work         ;
;       |Adder_1bit:\inst:14:u|   ; 2 (2)             ; 0 (0)        ; 0           ; 0            ; 0       ; 0         ; 0    ; 0            ; |ALU|Adder_16bit:add|Adder_1bit:\inst:14:u   ; work         ;
;       |Adder_1bit:\inst:15:u|   ; 1 (1)             ; 0 (0)        ; 0           ; 0            ; 0       ; 0         ; 0    ; 0            ; |ALU|Adder_16bit:add|Adder_1bit:\inst:15:u   ; work         ;
;       |Adder_1bit:\inst:1:u|    ; 2 (2)             ; 0 (0)        ; 0           ; 0            ; 0       ; 0         ; 0    ; 0            ; |ALU|Adder_16bit:add|Adder_1bit:\inst:1:u    ; work         ;
;       |Adder_1bit:\inst:2:u|    ; 2 (2)             ; 0 (0)        ; 0           ; 0            ; 0       ; 0         ; 0    ; 0            ; |ALU|Adder_16bit:add|Adder_1bit:\inst:2:u    ; work         ;
;       |Adder_1bit:\inst:3:u|    ; 2 (2)             ; 0 (0)        ; 0           ; 0            ; 0       ; 0         ; 0    ; 0            ; |ALU|Adder_16bit:add|Adder_1bit:\inst:3:u    ; work         ;
;       |Adder_1bit:\inst:4:u|    ; 2 (2)             ; 0 (0)        ; 0           ; 0            ; 0       ; 0         ; 0    ; 0            ; |ALU|Adder_16bit:add|Adder_1bit:\inst:4:u    ; work         ;
;       |Adder_1bit:\inst:5:u|    ; 2 (2)             ; 0 (0)        ; 0           ; 0            ; 0       ; 0         ; 0    ; 0            ; |ALU|Adder_16bit:add|Adder_1bit:\inst:5:u    ; work         ;
;       |Adder_1bit:\inst:6:u|    ; 2 (2)             ; 0 (0)        ; 0           ; 0            ; 0       ; 0         ; 0    ; 0            ; |ALU|Adder_16bit:add|Adder_1bit:\inst:6:u    ; work         ;
;       |Adder_1bit:\inst:7:u|    ; 2 (2)             ; 0 (0)        ; 0           ; 0            ; 0       ; 0         ; 0    ; 0            ; |ALU|Adder_16bit:add|Adder_1bit:\inst:7:u    ; work         ;
;       |Adder_1bit:\inst:8:u|    ; 2 (2)             ; 0 (0)        ; 0           ; 0            ; 0       ; 0         ; 0    ; 0            ; |ALU|Adder_16bit:add|Adder_1bit:\inst:8:u    ; work         ;
;       |Adder_1bit:\inst:9:u|    ; 2 (2)             ; 0 (0)        ; 0           ; 0            ; 0       ; 0         ; 0    ; 0            ; |ALU|Adder_16bit:add|Adder_1bit:\inst:9:u    ; work         ;
;    |Left_Shifter:ls|            ; 2 (0)             ; 0 (0)        ; 0           ; 0            ; 0       ; 0         ; 0    ; 0            ; |ALU|Left_Shifter:ls                         ; work         ;
;       |Mux16x1_1bit:\inst:12:m| ; 1 (1)             ; 0 (0)        ; 0           ; 0            ; 0       ; 0         ; 0    ; 0            ; |ALU|Left_Shifter:ls|Mux16x1_1bit:\inst:12:m ; work         ;
;       |Mux16x1_1bit:\inst:15:m| ; 1 (1)             ; 0 (0)        ; 0           ; 0            ; 0       ; 0         ; 0    ; 0            ; |ALU|Left_Shifter:ls|Mux16x1_1bit:\inst:15:m ; work         ;
;    |Mux2x1_16bit:MR|            ; 187 (187)         ; 0 (0)        ; 0           ; 0            ; 0       ; 0         ; 0    ; 0            ; |ALU|Mux2x1_16bit:MR                         ; work         ;
;    |Right_Shifter:rs|           ; 9 (0)             ; 0 (0)        ; 0           ; 0            ; 0       ; 0         ; 0    ; 0            ; |ALU|Right_Shifter:rs                        ; work         ;
;       |Mux16x1_1bit:\inst:5:m|  ; 1 (1)             ; 0 (0)        ; 0           ; 0            ; 0       ; 0         ; 0    ; 0            ; |ALU|Right_Shifter:rs|Mux16x1_1bit:\inst:5:m ; work         ;
;       |Mux16x1_1bit:\inst:6:m|  ; 1 (1)             ; 0 (0)        ; 0           ; 0            ; 0       ; 0         ; 0    ; 0            ; |ALU|Right_Shifter:rs|Mux16x1_1bit:\inst:6:m ; work         ;
;       |Mux16x1_1bit:m|          ; 7 (7)             ; 0 (0)        ; 0           ; 0            ; 0       ; 0         ; 0    ; 0            ; |ALU|Right_Shifter:rs|Mux16x1_1bit:m         ; work         ;
;    |abext:\inst:0:ab|           ; 5 (5)             ; 0 (0)        ; 0           ; 0            ; 0       ; 0         ; 0    ; 0            ; |ALU|abext:\inst:0:ab                        ; work         ;
;    |abext:\inst:10:ab|          ; 4 (4)             ; 0 (0)        ; 0           ; 0            ; 0       ; 0         ; 0    ; 0            ; |ALU|abext:\inst:10:ab                       ; work         ;
;    |abext:\inst:11:ab|          ; 4 (4)             ; 0 (0)        ; 0           ; 0            ; 0       ; 0         ; 0    ; 0            ; |ALU|abext:\inst:11:ab                       ; work         ;
;    |abext:\inst:12:ab|          ; 4 (4)             ; 0 (0)        ; 0           ; 0            ; 0       ; 0         ; 0    ; 0            ; |ALU|abext:\inst:12:ab                       ; work         ;
;    |abext:\inst:13:ab|          ; 4 (4)             ; 0 (0)        ; 0           ; 0            ; 0       ; 0         ; 0    ; 0            ; |ALU|abext:\inst:13:ab                       ; work         ;
;    |abext:\inst:14:ab|          ; 6 (6)             ; 0 (0)        ; 0           ; 0            ; 0       ; 0         ; 0    ; 0            ; |ALU|abext:\inst:14:ab                       ; work         ;
;    |abext:\inst:15:ab|          ; 4 (4)             ; 0 (0)        ; 0           ; 0            ; 0       ; 0         ; 0    ; 0            ; |ALU|abext:\inst:15:ab                       ; work         ;
;    |abext:\inst:1:ab|           ; 4 (4)             ; 0 (0)        ; 0           ; 0            ; 0       ; 0         ; 0    ; 0            ; |ALU|abext:\inst:1:ab                        ; work         ;
;    |abext:\inst:2:ab|           ; 4 (4)             ; 0 (0)        ; 0           ; 0            ; 0       ; 0         ; 0    ; 0            ; |ALU|abext:\inst:2:ab                        ; work         ;
;    |abext:\inst:3:ab|           ; 4 (4)             ; 0 (0)        ; 0           ; 0            ; 0       ; 0         ; 0    ; 0            ; |ALU|abext:\inst:3:ab                        ; work         ;
;    |abext:\inst:4:ab|           ; 4 (4)             ; 0 (0)        ; 0           ; 0            ; 0       ; 0         ; 0    ; 0            ; |ALU|abext:\inst:4:ab                        ; work         ;
;    |abext:\inst:5:ab|           ; 4 (4)             ; 0 (0)        ; 0           ; 0            ; 0       ; 0         ; 0    ; 0            ; |ALU|abext:\inst:5:ab                        ; work         ;
;    |abext:\inst:6:ab|           ; 4 (4)             ; 0 (0)        ; 0           ; 0            ; 0       ; 0         ; 0    ; 0            ; |ALU|abext:\inst:6:ab                        ; work         ;
;    |abext:\inst:7:ab|           ; 4 (4)             ; 0 (0)        ; 0           ; 0            ; 0       ; 0         ; 0    ; 0            ; |ALU|abext:\inst:7:ab                        ; work         ;
;    |abext:\inst:8:ab|           ; 4 (4)             ; 0 (0)        ; 0           ; 0            ; 0       ; 0         ; 0    ; 0            ; |ALU|abext:\inst:8:ab                        ; work         ;
;    |abext:\inst:9:ab|           ; 6 (6)             ; 0 (0)        ; 0           ; 0            ; 0       ; 0         ; 0    ; 0            ; |ALU|abext:\inst:9:ab                        ; work         ;
+---------------------------------+-------------------+--------------+-------------+--------------+---------+-----------+------+--------------+----------------------------------------------+--------------+
Note: For table entries with two numbers listed, the numbers in parentheses indicate the number of resources of the given type used by the specific entity alone. The numbers listed outside of parentheses indicate the total resources of the given type used by the specific entity and all of its sub-entities in the hierarchy.


+------------------------------------------------------+
; General Register Statistics                          ;
+----------------------------------------------+-------+
; Statistic                                    ; Value ;
+----------------------------------------------+-------+
; Total registers                              ; 0     ;
; Number of registers using Synchronous Clear  ; 0     ;
; Number of registers using Synchronous Load   ; 0     ;
; Number of registers using Asynchronous Clear ; 0     ;
; Number of registers using Asynchronous Load  ; 0     ;
; Number of registers using Clock Enable       ; 0     ;
; Number of registers using Preset             ; 0     ;
+----------------------------------------------+-------+


+------------------------------------------------------------------------------------------------------------------------------------------+
; Multiplexer Restructuring Statistics (Restructuring Performed)                                                                           ;
+--------------------+-----------+---------------+----------------------+------------------------+------------+----------------------------+
; Multiplexer Inputs ; Bus Width ; Baseline Area ; Area if Restructured ; Saving if Restructured ; Registered ; Example Multiplexer Output ;
+--------------------+-----------+---------------+----------------------+------------------------+------------+----------------------------+
; 3:1                ; 16 bits   ; 32 LEs        ; 32 LEs               ; 0 LEs                  ; No         ; |ALU|Mux2x1_16bit:MR|O[0]  ;
+--------------------+-----------+---------------+----------------------+------------------------+------------+----------------------------+


+---------------------------------------------------------------------+
; Port Connectivity Checks: "Left_Shifter:ls|Mux16x1_1bit:\inst:15:m" ;
+----------+-------+----------+---------------------------------------+
; Port     ; Type  ; Severity ; Details                               ;
+----------+-------+----------+---------------------------------------+
; i[15..1] ; Input ; Info     ; Stuck at GND                          ;
+----------+-------+----------+---------------------------------------+


+---------------------------------------------------------------------+
; Port Connectivity Checks: "Left_Shifter:ls|Mux16x1_1bit:\inst:14:m" ;
+----------+-------+----------+---------------------------------------+
; Port     ; Type  ; Severity ; Details                               ;
+----------+-------+----------+---------------------------------------+
; i[15..2] ; Input ; Info     ; Stuck at GND                          ;
+----------+-------+----------+---------------------------------------+


+---------------------------------------------------------------------+
; Port Connectivity Checks: "Left_Shifter:ls|Mux16x1_1bit:\inst:13:m" ;
+----------+-------+----------+---------------------------------------+
; Port     ; Type  ; Severity ; Details                               ;
+----------+-------+----------+---------------------------------------+
; i[15..3] ; Input ; Info     ; Stuck at GND                          ;
+----------+-------+----------+---------------------------------------+


+---------------------------------------------------------------------+
; Port Connectivity Checks: "Left_Shifter:ls|Mux16x1_1bit:\inst:12:m" ;
+----------+-------+----------+---------------------------------------+
; Port     ; Type  ; Severity ; Details                               ;
+----------+-------+----------+---------------------------------------+
; i[15..4] ; Input ; Info     ; Stuck at GND                          ;
+----------+-------+----------+---------------------------------------+


+---------------------------------------------------------------------+
; Port Connectivity Checks: "Left_Shifter:ls|Mux16x1_1bit:\inst:11:m" ;
+----------+-------+----------+---------------------------------------+
; Port     ; Type  ; Severity ; Details                               ;
+----------+-------+----------+---------------------------------------+
; i[15..5] ; Input ; Info     ; Stuck at GND                          ;
+----------+-------+----------+---------------------------------------+


+---------------------------------------------------------------------+
; Port Connectivity Checks: "Left_Shifter:ls|Mux16x1_1bit:\inst:10:m" ;
+----------+-------+----------+---------------------------------------+
; Port     ; Type  ; Severity ; Details                               ;
+----------+-------+----------+---------------------------------------+
; i[15..6] ; Input ; Info     ; Stuck at GND                          ;
+----------+-------+----------+---------------------------------------+


+--------------------------------------------------------------------+
; Port Connectivity Checks: "Left_Shifter:ls|Mux16x1_1bit:\inst:9:m" ;
+----------+-------+----------+--------------------------------------+
; Port     ; Type  ; Severity ; Details                              ;
+----------+-------+----------+--------------------------------------+
; i[15..7] ; Input ; Info     ; Stuck at GND                         ;
+----------+-------+----------+--------------------------------------+


+--------------------------------------------------------------------+
; Port Connectivity Checks: "Left_Shifter:ls|Mux16x1_1bit:\inst:8:m" ;
+----------+-------+----------+--------------------------------------+
; Port     ; Type  ; Severity ; Details                              ;
+----------+-------+----------+--------------------------------------+
; i[15..8] ; Input ; Info     ; Stuck at GND                         ;
+----------+-------+----------+--------------------------------------+


+--------------------------------------------------------------------+
; Port Connectivity Checks: "Left_Shifter:ls|Mux16x1_1bit:\inst:7:m" ;
+----------+-------+----------+--------------------------------------+
; Port     ; Type  ; Severity ; Details                              ;
+----------+-------+----------+--------------------------------------+
; i[15..9] ; Input ; Info     ; Stuck at GND                         ;
+----------+-------+----------+--------------------------------------+


+--------------------------------------------------------------------+
; Port Connectivity Checks: "Left_Shifter:ls|Mux16x1_1bit:\inst:6:m" ;
+-----------+-------+----------+-------------------------------------+
; Port      ; Type  ; Severity ; Details                             ;
+-----------+-------+----------+-------------------------------------+
; i[15..10] ; Input ; Info     ; Stuck at GND                        ;
+-----------+-------+----------+-------------------------------------+


+--------------------------------------------------------------------+
; Port Connectivity Checks: "Left_Shifter:ls|Mux16x1_1bit:\inst:5:m" ;
+-----------+-------+----------+-------------------------------------+
; Port      ; Type  ; Severity ; Details                             ;
+-----------+-------+----------+-------------------------------------+
; i[15..11] ; Input ; Info     ; Stuck at GND                        ;
+-----------+-------+----------+-------------------------------------+


+--------------------------------------------------------------------+
; Port Connectivity Checks: "Left_Shifter:ls|Mux16x1_1bit:\inst:4:m" ;
+-----------+-------+----------+-------------------------------------+
; Port      ; Type  ; Severity ; Details                             ;
+-----------+-------+----------+-------------------------------------+
; i[15..12] ; Input ; Info     ; Stuck at GND                        ;
+-----------+-------+----------+-------------------------------------+


+--------------------------------------------------------------------+
; Port Connectivity Checks: "Left_Shifter:ls|Mux16x1_1bit:\inst:3:m" ;
+-----------+-------+----------+-------------------------------------+
; Port      ; Type  ; Severity ; Details                             ;
+-----------+-------+----------+-------------------------------------+
; i[15..13] ; Input ; Info     ; Stuck at GND                        ;
+-----------+-------+----------+-------------------------------------+


+--------------------------------------------------------------------+
; Port Connectivity Checks: "Left_Shifter:ls|Mux16x1_1bit:\inst:2:m" ;
+-----------+-------+----------+-------------------------------------+
; Port      ; Type  ; Severity ; Details                             ;
+-----------+-------+----------+-------------------------------------+
; i[15..14] ; Input ; Info     ; Stuck at GND                        ;
+-----------+-------+----------+-------------------------------------+


+--------------------------------------------------------------------+
; Port Connectivity Checks: "Left_Shifter:ls|Mux16x1_1bit:\inst:1:m" ;
+-------+-------+----------+-----------------------------------------+
; Port  ; Type  ; Severity ; Details                                 ;
+-------+-------+----------+-----------------------------------------+
; i[15] ; Input ; Info     ; Stuck at GND                            ;
+-------+-------+----------+-----------------------------------------+


+----------------------------------------------------------------------+
; Port Connectivity Checks: "Right_Shifter:rs|Mux16x1_1bit:\inst:15:m" ;
+----------+-------+----------+----------------------------------------+
; Port     ; Type  ; Severity ; Details                                ;
+----------+-------+----------+----------------------------------------+
; i[15..1] ; Input ; Info     ; Stuck at GND                           ;
+----------+-------+----------+----------------------------------------+


+----------------------------------------------------------------------+
; Port Connectivity Checks: "Right_Shifter:rs|Mux16x1_1bit:\inst:14:m" ;
+----------+-------+----------+----------------------------------------+
; Port     ; Type  ; Severity ; Details                                ;
+----------+-------+----------+----------------------------------------+
; i[15..2] ; Input ; Info     ; Stuck at GND                           ;
+----------+-------+----------+----------------------------------------+


+----------------------------------------------------------------------+
; Port Connectivity Checks: "Right_Shifter:rs|Mux16x1_1bit:\inst:13:m" ;
+----------+-------+----------+----------------------------------------+
; Port     ; Type  ; Severity ; Details                                ;
+----------+-------+----------+----------------------------------------+
; i[15..3] ; Input ; Info     ; Stuck at GND                           ;
+----------+-------+----------+----------------------------------------+


+----------------------------------------------------------------------+
; Port Connectivity Checks: "Right_Shifter:rs|Mux16x1_1bit:\inst:12:m" ;
+----------+-------+----------+----------------------------------------+
; Port     ; Type  ; Severity ; Details                                ;
+----------+-------+----------+----------------------------------------+
; i[15..4] ; Input ; Info     ; Stuck at GND                           ;
+----------+-------+----------+----------------------------------------+


+----------------------------------------------------------------------+
; Port Connectivity Checks: "Right_Shifter:rs|Mux16x1_1bit:\inst:11:m" ;
+----------+-------+----------+----------------------------------------+
; Port     ; Type  ; Severity ; Details                                ;
+----------+-------+----------+----------------------------------------+
; i[15..5] ; Input ; Info     ; Stuck at GND                           ;
+----------+-------+----------+----------------------------------------+


+----------------------------------------------------------------------+
; Port Connectivity Checks: "Right_Shifter:rs|Mux16x1_1bit:\inst:10:m" ;
+----------+-------+----------+----------------------------------------+
; Port     ; Type  ; Severity ; Details                                ;
+----------+-------+----------+----------------------------------------+
; i[15..6] ; Input ; Info     ; Stuck at GND                           ;
+----------+-------+----------+----------------------------------------+


+---------------------------------------------------------------------+
; Port Connectivity Checks: "Right_Shifter:rs|Mux16x1_1bit:\inst:9:m" ;
+----------+-------+----------+---------------------------------------+
; Port     ; Type  ; Severity ; Details                               ;
+----------+-------+----------+---------------------------------------+
; i[15..7] ; Input ; Info     ; Stuck at GND                          ;
+----------+-------+----------+---------------------------------------+


+---------------------------------------------------------------------+
; Port Connectivity Checks: "Right_Shifter:rs|Mux16x1_1bit:\inst:8:m" ;
+----------+-------+----------+---------------------------------------+
; Port     ; Type  ; Severity ; Details                               ;
+----------+-------+----------+---------------------------------------+
; i[15..8] ; Input ; Info     ; Stuck at GND                          ;
+----------+-------+----------+---------------------------------------+


+---------------------------------------------------------------------+
; Port Connectivity Checks: "Right_Shifter:rs|Mux16x1_1bit:\inst:7:m" ;
+----------+-------+----------+---------------------------------------+
; Port     ; Type  ; Severity ; Details                               ;
+----------+-------+----------+---------------------------------------+
; i[15..9] ; Input ; Info     ; Stuck at GND                          ;
+----------+-------+----------+---------------------------------------+


+---------------------------------------------------------------------+
; Port Connectivity Checks: "Right_Shifter:rs|Mux16x1_1bit:\inst:6:m" ;
+-----------+-------+----------+--------------------------------------+
; Port      ; Type  ; Severity ; Details                              ;
+-----------+-------+----------+--------------------------------------+
; i[15..10] ; Input ; Info     ; Stuck at GND                         ;
+-----------+-------+----------+--------------------------------------+


+---------------------------------------------------------------------+
; Port Connectivity Checks: "Right_Shifter:rs|Mux16x1_1bit:\inst:5:m" ;
+-----------+-------+----------+--------------------------------------+
; Port      ; Type  ; Severity ; Details                              ;
+-----------+-------+----------+--------------------------------------+
; i[15..11] ; Input ; Info     ; Stuck at GND                         ;
+-----------+-------+----------+--------------------------------------+


+---------------------------------------------------------------------+
; Port Connectivity Checks: "Right_Shifter:rs|Mux16x1_1bit:\inst:4:m" ;
+-----------+-------+----------+--------------------------------------+
; Port      ; Type  ; Severity ; Details                              ;
+-----------+-------+----------+--------------------------------------+
; i[15..12] ; Input ; Info     ; Stuck at GND                         ;
+-----------+-------+----------+--------------------------------------+


+---------------------------------------------------------------------+
; Port Connectivity Checks: "Right_Shifter:rs|Mux16x1_1bit:\inst:3:m" ;
+-----------+-------+----------+--------------------------------------+
; Port      ; Type  ; Severity ; Details                              ;
+-----------+-------+----------+--------------------------------------+
; i[15..13] ; Input ; Info     ; Stuck at GND                         ;
+-----------+-------+----------+--------------------------------------+


+---------------------------------------------------------------------+
; Port Connectivity Checks: "Right_Shifter:rs|Mux16x1_1bit:\inst:2:m" ;
+-----------+-------+----------+--------------------------------------+
; Port      ; Type  ; Severity ; Details                              ;
+-----------+-------+----------+--------------------------------------+
; i[15..14] ; Input ; Info     ; Stuck at GND                         ;
+-----------+-------+----------+--------------------------------------+


+---------------------------------------------------------------------+
; Port Connectivity Checks: "Right_Shifter:rs|Mux16x1_1bit:\inst:1:m" ;
+-------+-------+----------+------------------------------------------+
; Port  ; Type  ; Severity ; Details                                  ;
+-------+-------+----------+------------------------------------------+
; i[15] ; Input ; Info     ; Stuck at GND                             ;
+-------+-------+----------+------------------------------------------+


+----------------------------------------------------------------------------------------------------------------+
; Port Connectivity Checks: "Adder_16bit:add"                                                                    ;
+------+--------+----------+-------------------------------------------------------------------------------------+
; Port ; Type   ; Severity ; Details                                                                             ;
+------+--------+----------+-------------------------------------------------------------------------------------+
; co   ; Output ; Info     ; Connected to dangling logic. Logic that only feeds a dangling port will be removed. ;
+------+--------+----------+-------------------------------------------------------------------------------------+


+-------------------------------+
; Elapsed Time Per Partition    ;
+----------------+--------------+
; Partition Name ; Elapsed Time ;
+----------------+--------------+
; Top            ; 00:00:01     ;
+----------------+--------------+


+-------------------------------+
; Analysis & Synthesis Messages ;
+-------------------------------+
Info: *******************************************************************
Info: Running Quartus II 64-Bit Analysis & Synthesis
    Info: Version 13.0.1 Build 232 06/12/2013 Service Pack 1 SJ Web Edition
    Info: Processing started: Tue Mar 19 18:38:15 2024
Info: Command: quartus_map --read_settings_files=on --write_settings_files=off Processor_16_Inst -c Processor_16_Inst
Warning (20028): Parallel compilation is not licensed and has been disabled
Info (12021): Found 2 design units, including 1 entities, in source file mux16x1_1bit.vhdl
    Info (12022): Found design unit 1: Mux16x1_1bit-main
    Info (12023): Found entity 1: Mux16x1_1bit
Info (12021): Found 2 design units, including 1 entities, in source file latchd.vhdl
    Info (12022): Found design unit 1: LatchD-main
    Info (12023): Found entity 1: LatchD
Info (12021): Found 2 design units, including 1 entities, in source file right_shifter.vhdl
    Info (12022): Found design unit 1: Right_Shifter-main
    Info (12023): Found entity 1: Right_Shifter
Info (12021): Found 2 design units, including 1 entities, in source file left_shifter.vhdl
    Info (12022): Found design unit 1: Left_Shifter-main
    Info (12023): Found entity 1: Left_Shifter
Info (12021): Found 2 design units, including 1 entities, in source file cinext.vhdl
    Info (12022): Found design unit 1: cinext-main
    Info (12023): Found entity 1: cinext
Info (12021): Found 2 design units, including 1 entities, in source file alu.vhdl
    Info (12022): Found design unit 1: ALU-main
    Info (12023): Found entity 1: ALU
Info (12021): Found 2 design units, including 1 entities, in source file abext.vhdl
    Info (12022): Found design unit 1: abext-main
    Info (12023): Found entity 1: abext
Info (12021): Found 2 design units, including 1 entities, in source file tri_state_gate_16bit.vhdl
    Info (12022): Found design unit 1: Tri_State_Gate_16bit-main
    Info (12023): Found entity 1: Tri_State_Gate_16bit
Info (12021): Found 2 design units, including 1 entities, in source file reg_ld.vhdl
    Info (12022): Found design unit 1: Reg_ld-main
    Info (12023): Found entity 1: Reg_ld
Info (12021): Found 2 design units, including 1 entities, in source file reg.vhdl
    Info (12022): Found design unit 1: Reg-main
    Info (12023): Found entity 1: Reg
Info (12021): Found 2 design units, including 1 entities, in source file program_counter.vhdl
    Info (12022): Found design unit 1: Program_Counter-main
    Info (12023): Found entity 1: Program_Counter
Info (12021): Found 2 design units, including 1 entities, in source file mux4x1_16bit.vhdl
    Info (12022): Found design unit 1: Mux4x1_16bit-main
    Info (12023): Found entity 1: Mux4x1_16bit
Info (12021): Found 2 design units, including 1 entities, in source file mux2x1_16bit.vhdl
    Info (12022): Found design unit 1: Mux2x1_16bit-main
    Info (12023): Found entity 1: Mux2x1_16bit
Info (12021): Found 2 design units, including 1 entities, in source file inst_reg.vhdl
    Info (12022): Found design unit 1: Inst_Reg-main
    Info (12023): Found entity 1: Inst_Reg
Info (12021): Found 2 design units, including 1 entities, in source file flipflopd.vhdl
    Info (12022): Found design unit 1: FlipflopD-main
    Info (12023): Found entity 1: FlipflopD
Info (12021): Found 2 design units, including 1 entities, in source file decoder_4x16.vhdl
    Info (12022): Found design unit 1: Decoder_4x16-main
    Info (12023): Found entity 1: Decoder_4x16
Info (12021): Found 2 design units, including 1 entities, in source file adder_16bit.vhdl
    Info (12022): Found design unit 1: Adder_16bit-main
    Info (12023): Found entity 1: Adder_16bit
Info (12021): Found 2 design units, including 1 entities, in source file adder_1bit.vhdl
    Info (12022): Found design unit 1: Adder_1bit-main
    Info (12023): Found entity 1: Adder_1bit
Info (12021): Found 2 design units, including 1 entities, in source file reg_file.vhdl
    Info (12022): Found design unit 1: Reg_File-main
    Info (12023): Found entity 1: Reg_File
Info (12127): Elaborating entity "ALU" for the top level hierarchy
Info (12128): Elaborating entity "abext" for hierarchy "abext:\inst:0:ab"
Info (12128): Elaborating entity "cinext" for hierarchy "cinext:c"
Info (12128): Elaborating entity "Adder_16bit" for hierarchy "Adder_16bit:add"
Info (12128): Elaborating entity "Adder_1bit" for hierarchy "Adder_16bit:add|Adder_1bit:\inst:0:u"
Info (12128): Elaborating entity "Right_Shifter" for hierarchy "Right_Shifter:rs"
Info (12128): Elaborating entity "Mux16x1_1bit" for hierarchy "Right_Shifter:rs|Mux16x1_1bit:m"
Info (12128): Elaborating entity "Left_Shifter" for hierarchy "Left_Shifter:ls"
Info (12128): Elaborating entity "Mux2x1_16bit" for hierarchy "Mux2x1_16bit:MSh"
Info (16010): Generating hard_block partition "hard_block:auto_generated_inst"
    Info (16011): Adding 0 node(s), including 0 DDIO, 0 PLL, 0 transceiver and 0 LCELL
Info (21057): Implemented 352 device resources after synthesis - the final resource count might be different
    Info (21058): Implemented 35 input pins
    Info (21059): Implemented 17 output pins
    Info (21061): Implemented 300 logic cells
Info: Quartus II 64-Bit Analysis & Synthesis was successful. 0 errors, 1 warning
    Info: Peak virtual memory: 4636 megabytes
    Info: Processing ended: Tue Mar 19 18:38:17 2024
    Info: Elapsed time: 00:00:02
    Info: Total CPU time (on all processors): 00:00:02


